生成启动时间为 2023/8/14 19:19:56。
     1>项目“E:\Code\VS2010project\MfcSnake\MfcSnake\MfcSnake.vcxproj”在节点 2 上(build 个目标)。
     1>InitializeBuildStatus:
         正在创建“Debug\MfcSnake.unsuccessfulbuild”，因为已指定“AlwaysCreate”。
       ClCompile:
         所有输出均为最新。
         所有输出均为最新。
       ResourceCompile:
         C:\Program Files (x86)\Microsoft SDKs\Windows\v7.0A\bin\rc.exe /D _DEBUG /D _UNICODE /D UNICODE /D _AFXDLL /l"0x0804" /IDebug\ /nologo /fo"Debug\MfcSnake.res" MfcSnake.rc 
       ManifestResourceCompile:
         所有输出均为最新。
       Link:
         E:\Microsoft Visual Studio 10.0\VC\bin\link.exe /ERRORREPORT:PROMPT /OUT:"E:\Code\VS2010project\MfcSnake\Debug\MfcSnake.exe" /INCREMENTAL /NOLOGO /MANIFEST /ManifestFile:"Debug\MfcSnake.exe.intermediate.manifest" /MANIFESTUAC:"level='asInvoker' uiAccess='false'" /DEBUG /PDB:"E:\Code\VS2010project\MfcSnake\Debug\MfcSnake.pdb" /SUBSYSTEM:WINDOWS /TLBID:1 /ENTRY:"wWinMainCRTStartup" /DYNAMICBASE /NXCOMPAT /IMPLIB:"E:\Code\VS2010project\MfcSnake\Debug\MfcSnake.lib" /MACHINE:X86 Debug\MfcSnake.res
         Debug\MfcSnake.exe.embed.manifest.res
         Debug\GGDlg.obj
         Debug\MfcSnake.obj
         Debug\MfcSnakeDlg.obj
         Debug\PromatDlg.obj
         Debug\Snake.obj
         Debug\stdafx.obj
       Manifest:
         C:\Program Files (x86)\Microsoft SDKs\Windows\v7.0A\bin\mt.exe /nologo /verbose /out:"Debug\MfcSnake.exe.embed.manifest" /manifest Debug\MfcSnake.exe.intermediate.manifest "E:\Microsoft Visual Studio 10.0\VC\Include\Manifest\dpiaware.manifest"
         所有输出均为最新。
       LinkEmbedManifest:
         所有输出均为最新。
         MfcSnake.vcxproj -> E:\Code\VS2010project\MfcSnake\Debug\MfcSnake.exe
       FinalizeBuildStatus:
         正在删除文件“Debug\MfcSnake.unsuccessfulbuild”。
         正在对“Debug\MfcSnake.lastbuildstate”执行 Touch 任务。
     1>已完成生成项目“E:\Code\VS2010project\MfcSnake\MfcSnake\MfcSnake.vcxproj”(build 个目标)的操作。

生成成功。

已用时间 00:00:00.41
