生成启动时间为 2024/12/27 下午 1:41:04。
     1>项目“I:\test\MFCSnake\MfcSnake\MfcSnake.vcxproj”在节点 2 上(build 个目标)。
     1>InitializeBuildStatus:
         正在对“x64\Release\MfcSnake.unsuccessfulbuild”执行 Touch 任务。
       ClCompile:
         所有输出均为最新。
         所有输出均为最新。
       ResourceCompile:
         C:\Program Files (x86)\Microsoft SDKs\Windows\v7.0A\bin\rc.exe /D NDEBUG /D _UNICODE /D UNICODE /D _AFXDLL /l"0x0804" /Ix64\Release\ /nologo /fo"x64\Release\MfcSnake.res" MfcSnake.rc 
       Link:
         E:\Microsoft Visual Studio 10.0\VC\bin\x86_amd64\link.exe /ERRORREPORT:PROMPT /OUT:"I:\test\MFCSnake\x64\Release\MfcSnake.exe" /INCREMENTAL:NO /NOLOGO /MANIFEST /ManifestFile:"x64\Release\MfcSnake.exe.intermediate.manifest" /MANIFESTUAC:"level='asInvoker' uiAccess='false'" /DEBUG /PDB:"I:\test\MFCSnake\x64\Release\MfcSnake.pdb" /SUBSYSTEM:WINDOWS /OPT:REF /OPT:ICF /LTCG /TLBID:1 /ENTRY:"wWinMainCRTStartup" /DYNAMICBASE /NXCOMPAT /IMPLIB:"I:\test\MFCSnake\x64\Release\MfcSnake.lib" /MACHINE:X64 x64\Release\MfcSnake.res
         x64\Release\GGDlg.obj
         x64\Release\MfcSnake.obj
         x64\Release\MfcSnakeDlg.obj
         x64\Release\PromatDlg.obj
         x64\Release\Snake.obj
         x64\Release\stdafx.obj
         正在生成代码
         已完成代码的生成
         MfcSnake.vcxproj -> I:\test\MFCSnake\x64\Release\MfcSnake.exe
       Manifest:
         C:\Program Files (x86)\Microsoft SDKs\Windows\v7.0A\bin\mt.exe /nologo /verbose /outputresource:"I:\test\MFCSnake\x64\Release\MfcSnake.exe;#1" /manifest x64\Release\MfcSnake.exe.intermediate.manifest "E:\Microsoft Visual Studio 10.0\VC\Include\Manifest\dpiaware.manifest"
       FinalizeBuildStatus:
         正在删除文件“x64\Release\MfcSnake.unsuccessfulbuild”。
         正在对“x64\Release\MfcSnake.lastbuildstate”执行 Touch 任务。
     1>已完成生成项目“I:\test\MFCSnake\MfcSnake\MfcSnake.vcxproj”(build 个目标)的操作。

生成成功。

已用时间 00:00:01.88
